<?xml version="1.0" encoding="UTF-8"?>
<!-- Generated by org.testng.reporters.JUnitReportReporter -->
<testsuite hostname="Pavan-Lenova" failures="0" tests="2" name="testRunners.ParallelRunner" time="18.362" errors="0" timestamp="2024-11-28T20:22:12 IST" skipped="0">
  <testcase classname="testRunners.ParallelRunner" name="runScenario" time="11.260"/>
  <testcase classname="testRunners.ParallelRunner" name="runScenario" time="7.102"/>
</testsuite> <!-- testRunners.ParallelRunner -->
